# JRE version: Java(TM) SE Runtime Environment (8.0_45-b15) (build 1.8.0_45-b15)
# Java VM: Java HotSpot(TM) 64-Bit Server VM (25.45-b02 mixed mode windows-amd64 compressed oops)
Heap:
 PSYoungGen      total 715776K, used 440420K [0x000000076af80000, 0x0000000799c00000, 0x00000007c0000000)
  eden space 693760K, 60% used [0x000000076af80000,0x000000078481c278,0x0000000795500000)
  from space 22016K, 99% used [0x0000000798680000,0x0000000799bfcdd0,0x0000000799c00000)
  to   space 28672K, 0% used [0x0000000796400000,0x0000000796400000,0x0000000798000000)
 ParOldGen       total 123392K, used 29145K [0x00000006c0e00000, 0x00000006c8680000, 0x000000076af80000)
  object space 123392K, 23% used [0x00000006c0e00000,0x00000006c2a76570,0x00000006c8680000)
 Metaspace       used 52092K, capacity 54624K, committed 54704K, reserved 1095680K
  class space    used 7127K, capacity 7567K, committed 7600K, reserved 1048576K
GC Heap History (10 events):
Event: 10.586 GC heap before
{Heap before GC invocations=6 (full 1):
 PSYoungGen      total 249856K, used 249764K [0x000000076af80000, 0x000000077c300000, 0x00000007c0000000)
  eden space 240640K, 100% used [0x000000076af80000,0x0000000779a80000,0x0000000779a80000)
  from space 9216K, 99% used [0x000000077ba00000,0x000000077c2e9128,0x000000077c300000)
  to   space 10752K, 0% used [0x000000077ae00000,0x000000077ae00000,0x000000077b880000)
 ParOldGen       total 84480K, used 9262K [0x00000006c0e00000, 0x00000006c6080000, 0x000000076af80000)
  object space 84480K, 10% used [0x00000006c0e00000,0x00000006c170b830,0x00000006c6080000)
 Metaspace       used 31508K, capacity 32936K, committed 33072K, reserved 1077248K
  class space    used 4242K, capacity 4532K, committed 4656K, reserved 1048576K
Event: 10.623 GC heap after
Heap after GC invocations=6 (full 1):
 PSYoungGen      total 271360K, used 10736K [0x000000076af80000, 0x0000000787b00000, 0x00000007c0000000)
  eden space 260608K, 0% used [0x000000076af80000,0x000000076af80000,0x000000077ae00000)
  from space 10752K, 99% used [0x000000077ae00000,0x000000077b87c030,0x000000077b880000)
  to   space 17920K, 0% used [0x0000000786980000,0x0000000786980000,0x0000000787b00000)
 ParOldGen       total 84480K, used 16973K [0x00000006c0e00000, 0x00000006c6080000, 0x000000076af80000)
  object space 84480K, 20% used [0x00000006c0e00000,0x00000006c1e93550,0x00000006c6080000)
 Metaspace       used 31508K, capacity 32936K, committed 33072K, reserved 1077248K
  class space    used 4242K, capacity 4532K, committed 4656K, reserved 1048576K
}
Event: 11.079 GC heap before
{Heap before GC invocations=7 (full 1):
 PSYoungGen      total 271360K, used 60794K [0x000000076af80000, 0x0000000787b00000, 0x00000007c0000000)
  eden space 260608K, 19% used [0x000000076af80000,0x000000076e062b98,0x000000077ae00000)
  from space 10752K, 99% used [0x000000077ae00000,0x000000077b87c030,0x000000077b880000)
  to   space 17920K, 0% used [0x0000000786980000,0x0000000786980000,0x0000000787b00000)
 ParOldGen       total 84480K, used 16973K [0x00000006c0e00000, 0x00000006c6080000, 0x000000076af80000)
  object space 84480K, 20% used [0x00000006c0e00000,0x00000006c1e93550,0x00000006c6080000)
 Metaspace       used 33886K, capacity 35326K, committed 35496K, reserved 1079296K
  class space    used 4533K, capacity 4829K, committed 4912K, reserved 1048576K
Event: 11.116 GC heap after
Heap after GC invocations=7 (full 1):
 PSYoungGen      total 450048K, used 16897K [0x000000076af80000, 0x000000078aa80000, 0x00000007c0000000)
  eden space 432128K, 0% used [0x000000076af80000,0x000000076af80000,0x0000000785580000)
  from space 17920K, 94% used [0x0000000786980000,0x0000000787a00668,0x0000000787b00000)
  to   space 20480K, 0% used [0x0000000785580000,0x0000000785580000,0x0000000786980000)
 ParOldGen       total 84480K, used 16981K [0x00000006c0e00000, 0x00000006c6080000, 0x000000076af80000)
  object space 84480K, 20% used [0x00000006c0e00000,0x00000006c1e95550,0x00000006c6080000)
 Metaspace       used 33886K, capacity 35326K, committed 35496K, reserved 1079296K
  class space    used 4533K, capacity 4829K, committed 4912K, reserved 1048576K
}
Event: 11.116 GC heap before
{Heap before GC invocations=8 (full 2):
 PSYoungGen      total 450048K, used 16897K [0x000000076af80000, 0x000000078aa80000, 0x00000007c0000000)
  eden space 432128K, 0% used [0x000000076af80000,0x000000076af80000,0x0000000785580000)
  from space 17920K, 94% used [0x0000000786980000,0x0000000787a00668,0x0000000787b00000)
  to   space 20480K, 0% used [0x0000000785580000,0x0000000785580000,0x0000000786980000)
 ParOldGen       total 84480K, used 16981K [0x00000006c0e00000, 0x00000006c6080000, 0x000000076af80000)
  object space 84480K, 20% used [0x00000006c0e00000,0x00000006c1e95550,0x00000006c6080000)
 Metaspace       used 33886K, capacity 35326K, committed 35496K, reserved 1079296K
  class space    used 4533K, capacity 4829K, committed 4912K, reserved 1048576K
Event: 11.270 GC heap after
Heap after GC invocations=8 (full 2):
 PSYoungGen      total 450048K, used 0K [0x000000076af80000, 0x000000078aa80000, 0x00000007c0000000)
  eden space 432128K, 0% used [0x000000076af80000,0x000000076af80000,0x0000000785580000)
  from space 17920K, 0% used [0x0000000786980000,0x0000000786980000,0x0000000787b00000)
  to   space 20480K, 0% used [0x0000000785580000,0x0000000785580000,0x0000000786980000)
 ParOldGen       total 123392K, used 22203K [0x00000006c0e00000, 0x00000006c8680000, 0x000000076af80000)
  object space 123392K, 17% used [0x00000006c0e00000,0x00000006c23aeec0,0x00000006c8680000)
 Metaspace       used 33886K, capacity 35326K, committed 35496K, reserved 1079296K
  class space    used 4533K, capacity 4829K, committed 4912K, reserved 1048576K
}
Event: 16.486 GC heap before
{Heap before GC invocations=9 (full 2):
 PSYoungGen      total 450048K, used 432128K [0x000000076af80000, 0x000000078aa80000, 0x00000007c0000000)
  eden space 432128K, 100% used [0x000000076af80000,0x0000000785580000,0x0000000785580000)
  from space 17920K, 0% used [0x0000000786980000,0x0000000786980000,0x0000000787b00000)
  to   space 20480K, 0% used [0x0000000785580000,0x0000000785580000,0x0000000786980000)
 ParOldGen       total 123392K, used 22203K [0x00000006c0e00000, 0x00000006c8680000, 0x000000076af80000)
  object space 123392K, 17% used [0x00000006c0e00000,0x00000006c23aeec0,0x00000006c8680000)
 Metaspace       used 39683K, capacity 41570K, committed 41648K, reserved 1085440K
  class space    used 5389K, capacity 5739K, committed 5808K, reserved 1048576K
Event: 16.497 GC heap after
Heap after GC invocations=9 (full 2):
 PSYoungGen      total 452608K, used 16560K [0x000000076af80000, 0x0000000799c00000, 0x00000007c0000000)
  eden space 432128K, 0% used [0x000000076af80000,0x000000076af80000,0x0000000785580000)
  from space 20480K, 80% used [0x0000000785580000,0x00000007865ac338,0x0000000786980000)
  to   space 22016K, 0% used [0x0000000798680000,0x0000000798680000,0x0000000799c00000)
 ParOldGen       total 123392K, used 22211K [0x00000006c0e00000, 0x00000006c8680000, 0x000000076af80000)
  object space 123392K, 18% used [0x00000006c0e00000,0x00000006c23b0ec0,0x00000006c8680000)
 Metaspace       used 39683K, capacity 41570K, committed 41648K, reserved 1085440K
  class space    used 5389K, capacity 5739K, committed 5808K, reserved 1048576K
}
Event: 319.273 GC heap before
{Heap before GC invocations=10 (full 2):
 PSYoungGen      total 452608K, used 448688K [0x000000076af80000, 0x0000000799c00000, 0x00000007c0000000)
  eden space 432128K, 100% used [0x000000076af80000,0x0000000785580000,0x0000000785580000)
  from space 20480K, 80% used [0x0000000785580000,0x00000007865ac338,0x0000000786980000)
  to   space 22016K, 0% used [0x0000000798680000,0x0000000798680000,0x0000000799c00000)
 ParOldGen       total 123392K, used 22211K [0x00000006c0e00000, 0x00000006c8680000, 0x000000076af80000)
  object space 123392K, 18% used [0x00000006c0e00000,0x00000006c23b0ec0,0x00000006c8680000)
 Metaspace       used 51809K, capacity 54258K, committed 54448K, reserved 1095680K
  class space    used 7122K, capacity 7562K, committed 7600K, reserved 1048576K
Event: 319.298 GC heap after
Heap after GC invocations=10 (full 2):
 PSYoungGen      total 715776K, used 22003K [0x000000076af80000, 0x0000000799c00000, 0x00000007c0000000)
  eden space 693760K, 0% used [0x000000076af80000,0x000000076af80000,0x0000000795500000)
  from space 22016K, 99% used [0x0000000798680000,0x0000000799bfcdd0,0x0000000799c00000)
  to   space 28672K, 0% used [0x0000000796400000,0x0000000796400000,0x0000000798000000)
 ParOldGen       total 123392K, used 29145K [0x00000006c0e00000, 0x00000006c8680000, 0x000000076af80000)
  object space 123392K, 23% used [0x00000006c0e00000,0x00000006c2a76570,0x00000006c8680000)
 Metaspace       used 51809K, capacity 54258K, committed 54448K, reserved 1095680K
  class space    used 7122K, capacity 7562K, committed 7600K, reserved 1048576K
}

